./include/algo.h:17: MINOR:C-L2
./include/algo.h:18: MINOR:C-L2
./include/algo.h:19: MINOR:C-L2
./include/algo.h:22: MINOR:C-L2
./include/algo.h:23: MINOR:C-L2
./include/algo.h:24: MINOR:C-L2
./include/algo.h:27: MINOR:C-L2
./include/algo.h:28: MINOR:C-L2
./include/algo.h:29: MINOR:C-L2
./include/algo.h:30: MINOR:C-L2
./include/algo.h:32: MINOR:C-L2
./include/algo.h:34: MINOR:C-L2
./include/algo.h:35: MINOR:C-L2
./include/algo.h:37: MINOR:C-L2
./include/algo.h:38: MINOR:C-L2
./include/algo.h:39: MINOR:C-L2
./include/maze.h:14: MINOR:C-G7
./include/maze.h:14: MINOR:C-L2
./include/maze.h:15: MINOR:C-L2
./include/maze.h:16: MINOR:C-L2
./include/maze.h:17: MINOR:C-L2
./include/maze.h:17: MINOR:C-V1
./include/maze.h:19: MINOR:C-L2
./include/maze.h:20: MINOR:C-L2
./include/maze.h:21: MINOR:C-L2
./include/maze.h:23: MINOR:C-L2
./include/maze.h:24: MINOR:C-L2
./include/maze.h:25: MINOR:C-L2
./include/maze.h:26: MINOR:C-L2
./include/maze.h:27: MINOR:C-L2
./include/maze.h:29: MINOR:C-L2
./include/maze.h:30: MINOR:C-L2
./include/maze.h:31: MINOR:C-L2
./include/maze.h:32: MINOR:C-L2
./include/maze.h:33: MINOR:C-L2
./include/maze.h:34: MINOR:C-L2
./include/maze.h:36: MINOR:C-L2
./include/maze.h:37: MINOR:C-L2
./include/maze.h:38: MINOR:C-L2
./include/maze.h:39: MINOR:C-L2
./include/maze.h:40: MINOR:C-L2
./include/maze.h:41: MINOR:C-L2
./include/maze.h:43: MINOR:C-L2
./include/maze.h:44: MINOR:C-L2
./include/maze.h:45: MINOR:C-L2
./include/maze.h:46: MINOR:C-L2
./include/maze.h:47: MINOR:C-L2
./include/maze.h:48: MINOR:C-L2
./include/maze.h:49: MINOR:C-L2
./include/struct.h:37: INFO:C-A3
./lib/my/Makefile:39: INFO:C-A3
./lib/my/Makefile:39: MINOR:C-G7
./lib/my/my.h:20: INFO:C-A3
./lib/my/my.h:20: MINOR:C-G7
./lib/my/my_atoi.c:27: INFO:C-A3
./lib/my/my_atoi.c:27: MINOR:C-G7
./lib/my/my_putchar.c:13: INFO:C-A3
./lib/my/my_putchar.c:13: MINOR:C-G7
./lib/my/my_putfloat.c:8: MAJOR:C-H1
./lib/my/my_putfloat.c:9: MAJOR:C-H1
./lib/my/my_putfloat.c:34: INFO:C-A3
./lib/my/my_putfloat.c:34: MINOR:C-G7
./lib/my/my_putnbr.c:10: MAJOR:C-H1
./lib/my/my_putnbr.c:22: INFO:C-A3
./lib/my/my_putnbr.c:22: MINOR:C-G7
./lib/my/my_putstr.c:8: MAJOR:C-H1
./lib/my/my_putstr.c:18: INFO:C-A3
./lib/my/my_putstr.c:18: MINOR:C-G7
./lib/my/my_strcmp.c:15: INFO:C-A3
./lib/my/my_strcmp.c:15: MINOR:C-G7
./lib/my/my_strdup.c:29: INFO:C-A3
./lib/my/my_strdup.c:29: MINOR:C-G7
./src/algo/dijkstra.c:12: MAJOR:C-H1
./src/algo/dijkstra.c:19: MAJOR:C-F3
./src/algo/dijkstra.c:57: MAJOR:C-C1
./src/algo/dijkstra.c:67: MAJOR:C-F4
./src/algo/dijkstra.c:68: MAJOR:C-F4
./src/algo/dijkstra.c:69: MAJOR:C-F4
./src/algo/dijkstra.c:72: MINOR:C-G7
./src/algo/dijkstra.c:99: MINOR:C-G7
./src/algo/dijkstra.c:107: MINOR:C-L6
./src/algo/dijkstra.c:113: MINOR:C-L6
./src/algo/dijkstra.c:115: MAJOR:C-L5
./src/algo/dijkstra.c:122: MAJOR:C-F4
./src/algo/dijkstra.c:123: MAJOR:C-F4
./src/algo/dijkstra.c:124: MAJOR:C-F4
./src/algo/dijkstra.c:124: MINOR:C-L6
./src/algo/dijkstra.c:125: MAJOR:C-F4
./src/algo/dijkstra.c:126: MAJOR:C-F4
./src/algo/dijkstra.c:127: MAJOR:C-F4
./src/algo/dijkstra.c:128: MAJOR:C-F4
./src/algo/dijkstra.c:129: MAJOR:C-F4
./src/algo/dijkstra.c:129: MINOR:C-L6
./src/algo/dijkstra.c:130: MAJOR:C-F4
./src/algo/dijkstra.c:131: MAJOR:C-F4
./src/algo/dijkstra.c:132: MAJOR:C-F4
./src/algo/dijkstra.c:133: MAJOR:C-F4
./src/algo/dijkstra.c:134: MAJOR:C-F4
./src/algo/dijkstra.c:134: MINOR:C-L6
./src/algo/dijkstra.c:135: MAJOR:C-F4
./src/algo/dijkstra.c:156: MINOR:C-L6
./src/algo/dijkstra.c:161: MINOR:C-L6
./src/algo/dijkstra.c:162: MAJOR:C-L1
./src/algo/dijkstra.c:164: MAJOR:C-L5
./src/algo/dijkstra.c:165: MINOR:C-L6
./src/algo/dijkstra.c:167: MAJOR:C-F3
./src/algo/dijkstra.c:167: MAJOR:C-L5
./src/algo/dijkstra.c:168: MAJOR:C-C1
./src/algo/dijkstra.c:169: MAJOR:C-F4
./src/algo/dijkstra.c:169: MAJOR:C-L5
./src/algo/dijkstra.c:170: MAJOR:C-C1
./src/algo/dijkstra.c:170: MAJOR:C-F4
./src/algo/dijkstra.c:171: MAJOR:C-F4
./src/algo/dijkstra.c:172: MAJOR:C-F4
./src/algo/dijkstra.c:173: MAJOR:C-F4
./src/algo/dijkstra.c:174: MAJOR:C-F4
./src/algo/dijkstra.c:175: MAJOR:C-F4
./src/algo/dijkstra.c:176: MAJOR:C-F4
./src/algo/dijkstra.c:177: MAJOR:C-F4
./src/algo/dijkstra.c:178: MAJOR:C-F4
./src/algo/dijkstra.c:178: MINOR:C-L6
./src/algo/dijkstra.c:179: MAJOR:C-F4
./src/algo/dijkstra.c:180: MAJOR:C-F4
./src/algo/dijkstra.c:181: MAJOR:C-F4
./src/algo/dijkstra.c:187: MINOR:C-L6
./src/algo/dijkstra.c:200: MINOR:C-L6
./src/algo/dijkstra.c:204: MINOR:C-L6
./src/algo/dijkstra.c:211: MAJOR:C-O3
./src/algo/dijkstra.c:215: MINOR:C-L6
./src/algo/dijkstra.c:216: MAJOR:C-L5
./src/algo/dijkstra.c:218: MAJOR:C-L5
./src/algo/dijkstra.c:225: MAJOR:C-O3
./src/algo/dijkstra.c:231: MINOR:C-L6
./src/algo/dijkstra.c:233: MAJOR:C-L5
./src/algo/dijkstra.c:237: MAJOR:C-C1
./src/algo/robot_paths.c:22: MINOR:C-G7
./src/algo/robot_paths.c:22: MINOR:C-L6
./src/algo/robot_paths.c:23: MINOR:C-F8
./src/algo/robot_paths.c:29: MINOR:C-G7
./src/algo/robot_paths.c:29: MINOR:C-L6
./src/algo/robot_paths.c:30: MINOR:C-F8
./src/algo/robot_paths.c:33: MAJOR:C-F4
./src/algo/robot_paths.c:34: MAJOR:C-F4
./src/algo/robot_paths.c:35: MAJOR:C-F4
./src/algo/robot_paths.c:36: MAJOR:C-F4
./src/algo/robot_paths.c:36: MINOR:C-G7
./src/algo/robot_paths.c:36: MINOR:C-L6
./src/algo/robot_paths.c:37: MAJOR:C-F4
./src/algo/robot_paths.c:37: MINOR:C-F8
./src/algo/robot_paths.c:38: MAJOR:C-F4
./src/algo/robot_paths.c:39: MAJOR:C-F4
./src/algo/robot_paths.c:40: MAJOR:C-F4
./src/algo/robot_paths.c:41: MAJOR:C-F4
./src/algo/robot_paths.c:42: MAJOR:C-F4
./src/algo/robot_paths.c:43: MAJOR:C-F4
./src/algo/robot_paths.c:43: MINOR:C-G7
./src/algo/robot_paths.c:43: MINOR:C-L6
./src/algo/robot_paths.c:44: MAJOR:C-F4
./src/algo/robot_paths.c:44: MINOR:C-F8
./src/algo/robot_paths.c:45: MAJOR:C-F4
./src/algo/robot_paths.c:46: MAJOR:C-F4
./src/algo/robot_paths.c:47: MAJOR:C-F4
./src/algo/robot_paths.c:48: MAJOR:C-F4
./src/algo/robot_paths.c:49: MAJOR:C-F4
./src/algo/robot_paths.c:50: MAJOR:C-F4
./src/algo/robot_paths.c:51: MAJOR:C-F4
./src/algo/robot_paths.c:52: MAJOR:C-F4
./src/algo/robot_paths.c:53: MAJOR:C-F4
./src/algo/robot_paths.c:53: MINOR:C-G7
./src/algo/robot_paths.c:53: MINOR:C-L6
./src/algo/robot_paths.c:54: MAJOR:C-F4
./src/algo/robot_paths.c:54: MINOR:C-F8
./src/algo/robot_paths.c:55: MAJOR:C-F4
./src/algo/robot_paths.c:55: MINOR:C-L3
./src/algo/robot_paths.c:56: MAJOR:C-F4
./src/algo/robot_paths.c:56: MINOR:C-L3
./src/algo/robot_paths.c:57: MAJOR:C-F4
./src/algo/robot_paths.c:58: MAJOR:C-F4
./src/algo/robot_paths.c:58: MINOR:C-G7
./src/algo/robot_paths.c:58: MINOR:C-L6
./src/algo/robot_paths.c:59: MAJOR:C-F4
./src/algo/robot_paths.c:59: MINOR:C-F8
./src/algo/robot_paths.c:60: MAJOR:C-F4
./src/algo/robot_paths.c:61: MAJOR:C-F4
./src/algo/robot_paths.c:62: MAJOR:C-F4
./src/algo/robot_paths.c:63: MAJOR:C-F4
./src/algo/robot_paths.c:64: MAJOR:C-F4
./src/algo/robot_paths.c:64: MINOR:C-G7
./src/algo/robot_paths.c:64: MINOR:C-L6
./src/algo/robot_paths.c:65: MAJOR:C-F4
./src/algo/robot_paths.c:66: MAJOR:C-F4
./src/algo/robot_paths.c:67: MAJOR:C-F4
./src/algo/robot_paths.c:67: MINOR:C-G7
./src/algo/robot_paths.c:67: MINOR:C-L6
./src/algo/robot_paths.c:68: MAJOR:C-F4
./src/algo/robot_paths.c:68: MINOR:C-F8
./src/algo/robot_paths.c:69: MAJOR:C-F4
./src/algo/robot_paths.c:70: MAJOR:C-F4
./src/algo/robot_paths.c:70: MINOR:C-L3
./src/algo/robot_paths.c:71: MAJOR:C-F4
./src/algo/robot_paths.c:71: MAJOR:C-L5
./src/algo/robot_paths.c:72: MAJOR:C-F4
./src/algo/robot_paths.c:72: MINOR:C-G7
./src/algo/robot_paths.c:72: MINOR:C-L6
./src/algo/robot_paths.c:73: MAJOR:C-F4
./src/algo/robot_paths.c:74: MAJOR:C-F4
./src/algo/robot_paths.c:74: MINOR:C-F8
./src/algo/robot_paths.c:75: MAJOR:C-F4
./src/algo/robot_paths.c:75: MAJOR:C-L5
./src/algo/robot_paths.c:76: MAJOR:C-C1
./src/algo/robot_paths.c:76: MAJOR:C-F4
./src/algo/robot_paths.c:77: MAJOR:C-C1
./src/algo/robot_paths.c:77: MAJOR:C-F4
./src/algo/robot_paths.c:77: MINOR:C-L3
./src/algo/robot_paths.c:78: MAJOR:C-F4
./src/algo/robot_paths.c:78: MINOR:C-L3
./src/algo/robot_paths.c:79: MAJOR:C-F4
./src/algo/robot_paths.c:80: MAJOR:C-F4
./src/algo/robot_paths.c:81: MAJOR:C-F4
./src/algo/robot_paths.c:82: MAJOR:C-F4
./src/algo/robot_paths.c:82: MINOR:C-G7
./src/algo/robot_paths.c:82: MINOR:C-L6
./src/algo/robot_paths.c:83: MAJOR:C-C1
./src/algo/robot_paths.c:83: MAJOR:C-F4
./src/algo/robot_paths.c:84: MAJOR:C-F4
./src/algo/robot_paths.c:84: MINOR:C-L3
./src/algo/robot_paths.c:85: MAJOR:C-F4
./src/algo/robot_paths.c:86: MAJOR:C-F4
./src/algo/robot_paths.c:86: MINOR:C-G7
./src/algo/robot_paths.c:86: MINOR:C-L6
./src/algo/robot_paths.c:87: MAJOR:C-F4
./src/algo/robot_paths.c:88: MAJOR:C-F4
./src/algo/robot_paths.c:89: MAJOR:C-F4
./src/algo/robot_paths.c:90: MAJOR:C-F4
./src/algo/robot_paths.c:90: MINOR:C-G7
./src/algo/robot_paths.c:90: MINOR:C-L6
./src/algo/robot_paths.c:91: MAJOR:C-F4
./src/algo/robot_paths.c:92: MAJOR:C-F4
./src/algo/robot_paths.c:103: MINOR:C-G7
./src/algo/robot_paths.c:103: MINOR:C-L6
./src/algo/robot_paths.c:104: MINOR:C-F8
./src/algo/robot_paths.c:108: MINOR:C-G7
./src/algo/robot_paths.c:108: MINOR:C-L6
./src/algo/robot_paths.c:114: MINOR:C-G7
./src/algo/robot_paths.c:114: MINOR:C-L6
./src/algo/robot_paths.c:115: MINOR:C-F8
./src/algo/robot_paths.c:117: MAJOR:C-F4
./src/algo/robot_paths.c:118: MAJOR:C-F4
./src/algo/robot_paths.c:118: MINOR:C-G7
./src/algo/robot_paths.c:118: MINOR:C-L6
./src/algo/robot_paths.c:119: MAJOR:C-F4
./src/algo/robot_paths.c:120: MAJOR:C-F4
./src/algo/robot_paths.c:121: MAJOR:C-F4
./src/algo/robot_paths.c:122: MAJOR:C-F4
./src/algo/robot_paths.c:123: MAJOR:C-F4
./src/algo/robot_paths.c:123: MINOR:C-G7
./src/algo/robot_paths.c:123: MINOR:C-L6
./src/algo/robot_paths.c:124: MAJOR:C-F4
./src/algo/robot_paths.c:125: MAJOR:C-C1
./src/algo/robot_paths.c:125: MAJOR:C-F4
./src/algo/robot_paths.c:126: MAJOR:C-F4
./src/algo/robot_paths.c:127: MAJOR:C-C1
./src/algo/robot_paths.c:127: MAJOR:C-F4
./src/algo/robot_paths.c:128: MAJOR:C-F4
./src/algo/robot_paths.c:129: MAJOR:C-F4
./src/algo/robot_paths.c:129: MINOR:C-G7
./src/algo/robot_paths.c:129: MINOR:C-L6
./src/algo/robot_paths.c:130: MAJOR:C-C1
./src/algo/robot_paths.c:130: MAJOR:C-F4
./src/algo/robot_paths.c:131: MAJOR:C-F4
./src/algo/robot_paths.c:132: MAJOR:C-F4
./src/algo/robot_paths.c:133: MAJOR:C-F4
./src/algo/robot_paths.c:133: MINOR:C-G7
./src/algo/robot_paths.c:133: MINOR:C-L6
./src/algo/robot_paths.c:134: MAJOR:C-F4
./src/algo/robot_paths.c:135: MAJOR:C-F4
./src/algo/robot_paths.c:149: MINOR:C-G7
./src/algo/robot_paths.c:149: MINOR:C-L6
./src/algo/robot_paths.c:153: MINOR:C-L6
./src/algo/robot_paths.c:154: MINOR:C-F8
./src/algo/robot_paths.c:160: MAJOR:C-F4
./src/algo/robot_paths.c:160: MINOR:C-L6
./src/algo/robot_paths.c:161: MAJOR:C-F4
./src/algo/robot_paths.c:161: MINOR:C-F8
./src/algo/robot_paths.c:162: MAJOR:C-F4
./src/algo/robot_paths.c:163: MAJOR:C-F4
./src/algo/robot_paths.c:164: MAJOR:C-F4
./src/algo/robot_paths.c:165: MAJOR:C-F4
./src/algo/robot_paths.c:166: MAJOR:C-F4
./src/algo/robot_paths.c:167: MAJOR:C-F4
./src/algo/robot_paths.c:167: MINOR:C-G7
./src/algo/robot_paths.c:167: MINOR:C-L6
./src/algo/robot_paths.c:168: MAJOR:C-F4
./src/algo/robot_paths.c:169: MAJOR:C-F4
./src/algo/robot_paths.c:169: MINOR:C-F8
./src/algo/robot_paths.c:170: MAJOR:C-F4
./src/algo/robot_paths.c:171: MAJOR:C-F4
./src/algo/robot_paths.c:172: MAJOR:C-F4
./src/algo/robot_paths.c:172: MINOR:C-F8
./src/algo/robot_paths.c:173: MAJOR:C-C1
./src/algo/robot_paths.c:173: MAJOR:C-F4
./src/algo/robot_paths.c:174: MAJOR:C-F4
./src/algo/robot_paths.c:175: MAJOR:C-F4
./src/algo/robot_paths.c:176: MAJOR:C-F4
./src/algo/robot_paths.c:177: MAJOR:C-F4
./src/algo/robot_paths.c:178: MAJOR:C-F4
./src/algo/robot_paths.c:179: MAJOR:C-F4
./src/algo/robot_paths.c:179: MINOR:C-L6
./src/algo/robot_paths.c:180: MAJOR:C-F4
./src/algo/robot_paths.c:180: MINOR:C-F8
./src/algo/robot_paths.c:181: MAJOR:C-F4
./src/algo/robot_paths.c:182: MAJOR:C-F4
./src/algo/robot_paths.c:182: MAJOR:C-L5
./src/algo/robot_paths.c:183: MAJOR:C-F4
./src/algo/robot_paths.c:183: MAJOR:C-L5
./src/algo/robot_paths.c:184: MAJOR:C-F4
./src/algo/robot_paths.c:185: MAJOR:C-F4
./src/algo/robot_paths.c:185: MINOR:C-L3
./src/algo/robot_paths.c:186: MAJOR:C-F4
./src/algo/robot_paths.c:186: MINOR:C-L3
./src/algo/robot_paths.c:187: MAJOR:C-F4
./src/algo/robot_paths.c:188: MAJOR:C-F4
./src/algo/robot_paths.c:189: MAJOR:C-F4
./src/algo/robot_paths.c:190: MAJOR:C-F4
./src/algo/robot_paths.c:191: MAJOR:C-F4
./src/algo/robot_paths.c:191: MINOR:C-G7
./src/algo/robot_paths.c:191: MINOR:C-L6
./src/algo/robot_paths.c:192: MAJOR:C-F4
./src/algo/robot_paths.c:192: MINOR:C-F8
./src/algo/robot_paths.c:193: MAJOR:C-F3
./src/algo/robot_paths.c:193: MAJOR:C-F4
./src/algo/robot_paths.c:193: MAJOR:C-L5
./src/algo/robot_paths.c:194: MAJOR:C-F4
./src/algo/robot_paths.c:194: MINOR:C-G7
./src/algo/robot_paths.c:194: MINOR:C-L6
./src/algo/robot_paths.c:195: MAJOR:C-F4
./src/algo/robot_paths.c:195: MINOR:C-F8
./src/algo/robot_paths.c:196: MAJOR:C-F4
./src/algo/robot_paths.c:197: MAJOR:C-F4
./src/algo/robot_paths.c:198: MAJOR:C-C1
./src/algo/robot_paths.c:198: MAJOR:C-F4
./src/algo/robot_paths.c:199: MAJOR:C-F4
./src/algo/robot_paths.c:200: MAJOR:C-F4
./src/algo/robot_paths.c:201: MAJOR:C-F4
./src/algo/robot_paths.c:202: MAJOR:C-F4
./src/algo/robot_paths.c:203: MAJOR:C-F4
./src/algo/robot_paths.c:204: MAJOR:C-F4
./src/algo/robot_paths.c:204: MINOR:C-L6
./src/algo/robot_paths.c:205: MAJOR:C-F4
./src/algo/robot_paths.c:205: MINOR:C-F8
./src/algo/robot_paths.c:206: MAJOR:C-F4
./src/algo/robot_paths.c:207: MAJOR:C-F4
./src/algo/robot_paths.c:208: MAJOR:C-F4
./src/algo/robot_paths.c:209: MAJOR:C-F4
./src/algo/robot_paths.c:210: MAJOR:C-C1
./src/algo/robot_paths.c:210: MAJOR:C-F4
./src/algo/robot_paths.c:211: MAJOR:C-F4
./src/algo/robot_paths.c:212: MAJOR:C-F4
./src/algo/robot_paths.c:213: MAJOR:C-F4
./src/algo/robot_paths.c:214: MAJOR:C-F4
./src/algo/robot_paths.c:215: MAJOR:C-F4
./src/algo/robot_paths.c:216: MAJOR:C-F4
./src/algo/robot_paths.c:216: MINOR:C-L6
./src/algo/robot_paths.c:217: MAJOR:C-F4
./src/algo/robot_paths.c:217: MAJOR:C-L5
./src/algo/robot_paths.c:218: MAJOR:C-F4
./src/algo/robot_paths.c:219: MAJOR:C-F4
./src/algo/robot_paths.c:219: MAJOR:C-L5
./src/algo/robot_paths.c:220: MAJOR:C-C1
./src/algo/robot_paths.c:220: MAJOR:C-F4
./src/algo/robot_paths.c:221: MAJOR:C-C1
./src/algo/robot_paths.c:221: MAJOR:C-F4
./src/algo/robot_paths.c:221: MINOR:C-L3
./src/algo/robot_paths.c:222: MAJOR:C-F4
./src/algo/robot_paths.c:222: MINOR:C-L3
./src/algo/robot_paths.c:223: MAJOR:C-F4
./src/algo/robot_paths.c:224: MAJOR:C-F4
./src/algo/robot_paths.c:225: MAJOR:C-F4
./src/algo/robot_paths.c:226: MAJOR:C-C1
./src/algo/robot_paths.c:226: MAJOR:C-F4
./src/algo/robot_paths.c:227: MAJOR:C-F4
./src/algo/robot_paths.c:228: MAJOR:C-F4
./src/algo/robot_paths.c:229: MAJOR:C-F4
./src/algo/robot_paths.c:230: MAJOR:C-F4
./src/algo/robot_paths.c:231: MAJOR:C-F4
./src/algo/robot_paths.c:231: MINOR:C-L6
./src/algo/robot_paths.c:232: MAJOR:C-F4
./src/algo/robot_paths.c:232: MINOR:C-F8
./src/algo/robot_paths.c:233: MAJOR:C-F4
./src/algo/robot_paths.c:234: MAJOR:C-F4
./src/algo/robot_paths.c:234: MINOR:C-G7
./src/algo/robot_paths.c:234: MINOR:C-L6
./src/algo/robot_paths.c:235: MAJOR:C-F4
./src/algo/robot_paths.c:235: MINOR:C-F8
./src/algo/robot_paths.c:236: MAJOR:C-F4
./src/algo/robot_paths.c:237: MAJOR:C-F4
./src/algo/robot_paths.c:238: MAJOR:C-F4
./src/algo/robot_paths.c:239: MAJOR:C-F4
./src/algo/robot_paths.c:239: MINOR:C-L6
./src/algo/robot_paths.c:240: MAJOR:C-F4
./src/algo/robot_paths.c:241: MAJOR:C-F4
./src/algo/robot_paths.c:255: MINOR:C-L6
./src/algo/robot_paths.c:256: MINOR:C-F8
./src/algo/robot_paths.c:265: MINOR:C-L6
./src/algo/robot_paths.c:266: MAJOR:C-F4
./src/algo/robot_paths.c:266: MINOR:C-F8
./src/algo/robot_paths.c:267: MAJOR:C-F4
./src/algo/robot_paths.c:268: MAJOR:C-F4
./src/algo/robot_paths.c:269: MAJOR:C-F4
./src/algo/robot_paths.c:270: MAJOR:C-F4
./src/algo/robot_paths.c:271: MAJOR:C-F4
./src/algo/robot_paths.c:271: MINOR:C-L6
./src/algo/robot_paths.c:272: MAJOR:C-F4
./src/algo/robot_paths.c:273: MAJOR:C-F4
./src/algo/robot_paths.c:273: MINOR:C-L6
./src/algo/robot_paths.c:274: MAJOR:C-F4
./src/algo/robot_paths.c:274: MINOR:C-F8
./src/algo/robot_paths.c:275: MAJOR:C-F4
./src/algo/robot_paths.c:276: MAJOR:C-F4
./src/algo/robot_paths.c:277: MAJOR:C-F4
./src/algo/robot_paths.c:278: MAJOR:C-F4
./src/algo/robot_paths.c:279: MAJOR:C-F4
./src/algo/robot_paths.c:279: MINOR:C-L6
./src/algo/robot_paths.c:280: MAJOR:C-F4
./src/algo/robot_paths.c:281: MAJOR:C-F4
./src/algo/robot_paths.c:281: MINOR:C-F8
./src/algo/robot_paths.c:282: MAJOR:C-F4
./src/algo/robot_paths.c:283: MAJOR:C-C1
./src/algo/robot_paths.c:283: MAJOR:C-F4
./src/algo/robot_paths.c:284: MAJOR:C-F4
./src/algo/robot_paths.c:285: MAJOR:C-F4
./src/algo/robot_paths.c:285: MINOR:C-L6
./src/algo/robot_paths.c:286: MAJOR:C-C1
./src/algo/robot_paths.c:286: MAJOR:C-F4
./src/algo/robot_paths.c:287: MAJOR:C-F4
./src/algo/robot_paths.c:288: MAJOR:C-F4
./src/algo/robot_paths.c:289: MAJOR:C-F4
./src/algo/robot_paths.c:290: MAJOR:C-F4
./src/algo/robot_paths.c:290: MINOR:C-L6
./src/algo/robot_paths.c:291: MAJOR:C-F4
./src/algo/robot_paths.c:291: MINOR:C-F8
./src/algo/robot_paths.c:292: MAJOR:C-F4
./src/algo/robot_paths.c:292: MAJOR:C-L5
./src/algo/robot_paths.c:293: MAJOR:C-F4
./src/algo/robot_paths.c:293: MAJOR:C-L5
./src/algo/robot_paths.c:294: MAJOR:C-F4
./src/algo/robot_paths.c:294: MINOR:C-L6
./src/algo/robot_paths.c:295: MAJOR:C-C1
./src/algo/robot_paths.c:295: MAJOR:C-F4
./src/algo/robot_paths.c:296: MAJOR:C-F4
./src/algo/robot_paths.c:297: MAJOR:C-F4
./src/algo/robot_paths.c:298: MAJOR:C-F4
./src/algo/robot_paths.c:299: MAJOR:C-F4
./src/algo/robot_paths.c:299: MINOR:C-L6
./src/algo/robot_paths.c:300: MAJOR:C-F4
./src/algo/robot_paths.c:300: MINOR:C-F8
./src/algo/robot_paths.c:301: MAJOR:C-C1
./src/algo/robot_paths.c:301: MAJOR:C-F4
./src/algo/robot_paths.c:302: MAJOR:C-C1
./src/algo/robot_paths.c:302: MAJOR:C-F4
./src/algo/robot_paths.c:303: MAJOR:C-F4
./src/algo/robot_paths.c:304: MAJOR:C-F4
./src/algo/robot_paths.c:304: MINOR:C-L6
./src/algo/robot_paths.c:305: MAJOR:C-C1
./src/algo/robot_paths.c:305: MAJOR:C-F4
./src/algo/robot_paths.c:306: MAJOR:C-F4
./src/algo/robot_paths.c:307: MAJOR:C-F4
./src/algo/robot_paths.c:308: MAJOR:C-F4
./src/algo/robot_paths.c:309: MAJOR:C-F4
./src/algo/robot_paths.c:310: MAJOR:C-F4
./src/algo/robot_paths.c:310: MINOR:C-L6
./src/algo/robot_paths.c:311: MAJOR:C-F4
./src/algo/robot_paths.c:311: MINOR:C-F8
./src/algo/robot_paths.c:312: MAJOR:C-C1
./src/algo/robot_paths.c:312: MAJOR:C-F4
./src/algo/robot_paths.c:313: MAJOR:C-F4
./src/algo/robot_paths.c:314: MAJOR:C-F4
./src/algo/robot_paths.c:315: MAJOR:C-F4
./src/algo/robot_paths.c:316: MAJOR:C-C1
./src/algo/robot_paths.c:316: MAJOR:C-F3
./src/algo/robot_paths.c:316: MAJOR:C-F4
./src/algo/robot_paths.c:317: MAJOR:C-F4
./src/algo/robot_paths.c:318: MAJOR:C-C1
./src/algo/robot_paths.c:318: MAJOR:C-F4
./src/algo/robot_paths.c:319: MAJOR:C-F4
./src/algo/robot_paths.c:320: MAJOR:C-F4
./src/algo/robot_paths.c:321: MAJOR:C-F4
./src/algo/robot_paths.c:322: MAJOR:C-C1
./src/algo/robot_paths.c:322: MAJOR:C-F4
./src/algo/robot_paths.c:323: MAJOR:C-F4
./src/algo/robot_paths.c:324: MAJOR:C-C1
./src/algo/robot_paths.c:324: MAJOR:C-F4
./src/algo/robot_paths.c:325: MAJOR:C-F4
./src/algo/robot_paths.c:326: MAJOR:C-F4
./src/algo/robot_paths.c:327: MAJOR:C-F4
./src/algo/robot_paths.c:328: MAJOR:C-F4
./src/algo/robot_paths.c:328: MINOR:C-L6
./src/algo/robot_paths.c:329: MAJOR:C-F4
./src/algo/robot_paths.c:330: MAJOR:C-C1
./src/algo/robot_paths.c:330: MAJOR:C-F4
./src/algo/robot_paths.c:331: MAJOR:C-F4
./src/algo/robot_paths.c:332: MAJOR:C-F4
./src/algo/robot_paths.c:333: MAJOR:C-F4
./src/algo/robot_paths.c:334: MAJOR:C-F4
./src/algo/robot_paths.c:334: MINOR:C-L6
./src/algo/robot_paths.c:335: MAJOR:C-C1
./src/algo/robot_paths.c:335: MAJOR:C-F4
./src/algo/robot_paths.c:336: MAJOR:C-F4
./src/algo/robot_paths.c:337: MAJOR:C-F4
./src/algo/robot_paths.c:338: MAJOR:C-F4
./src/algo/robot_paths.c:339: MAJOR:C-F4
./src/algo/robot_paths.c:340: MAJOR:C-F4
./src/algo/robot_paths.c:340: MINOR:C-L6
./src/algo/robot_paths.c:341: MAJOR:C-F4
./src/algo/robot_paths.c:342: MAJOR:C-F4
./src/algo/robot_paths.c:342: MINOR:C-L6
./src/algo/robot_paths.c:343: MAJOR:C-F4
./src/algo/robot_paths.c:343: MINOR:C-F8
./src/algo/robot_paths.c:344: MAJOR:C-F4
./src/algo/robot_paths.c:345: MAJOR:C-F4
./src/main.c:16: MINOR:C-G7
./src/main.c:19: MINOR:C-L6
./src/main.c:24: MINOR:C-L6
./src/main.c:28: MINOR:C-G7
./src/main.c:28: MINOR:C-L6
./src/main.c:31: MINOR:C-G7
./src/main.c:31: MINOR:C-L6
./src/main.c:34: MAJOR:C-F4
./src/main.c:35: MAJOR:C-F4
./src/main.c:36: MAJOR:C-F4
./src/main.c:37: MAJOR:C-F4
./src/main.c:37: MINOR:C-L6
./src/main.c:38: MAJOR:C-F4
./src/main.c:39: MAJOR:C-F4
./src/main.c:40: MAJOR:C-F4
./src/main.c:41: MAJOR:C-F4
./src/main.c:41: MINOR:C-G7
./src/main.c:41: MINOR:C-L6
./src/main.c:42: MAJOR:C-F4
./src/main.c:43: MAJOR:C-F4
./src/main.c:44: MAJOR:C-F4
./src/main.c:44: MINOR:C-G7
./src/main.c:44: MINOR:C-L6
./src/main.c:45: MAJOR:C-F4
./src/main.c:46: MAJOR:C-F4
./src/main.c:47: MAJOR:C-F4
./src/main.c:48: MAJOR:C-F4
./src/main.c:49: MAJOR:C-F4
./src/main.c:50: MAJOR:C-F4
./src/main.c:50: MINOR:C-L6
./src/main.c:51: MAJOR:C-F4
./src/main.c:51: MINOR:C-F8
./src/main.c:52: MAJOR:C-F4
./src/main.c:53: MAJOR:C-F4
./src/main.c:54: MAJOR:C-F4
./src/main.c:55: MAJOR:C-F4
./src/main.c:56: MAJOR:C-F4
./src/main.c:57: MAJOR:C-F4
./src/main.c:58: MAJOR:C-F4
./src/main.c:59: MAJOR:C-F4
./src/main.c:60: MAJOR:C-F4
./src/main.c:61: MAJOR:C-F4
./src/main.c:62: MAJOR:C-F4
./src/main.c:63: MAJOR:C-F4
./src/main.c:63: MINOR:C-G7
./src/main.c:63: MINOR:C-L6
./src/main.c:64: MAJOR:C-F4
./src/main.c:65: MAJOR:C-F4
./src/main.c:66: MAJOR:C-F4
./src/main.c:66: MINOR:C-G7
./src/main.c:66: MINOR:C-L6
./src/main.c:67: MAJOR:C-F4
./src/main.c:67: MINOR:C-F8
./src/main.c:68: MAJOR:C-F4
./src/main.c:69: MAJOR:C-F4
./src/main.c:70: MAJOR:C-F4
./src/main.c:71: MAJOR:C-F4
./src/main.c:72: MAJOR:C-F4
./src/main.c:72: MINOR:C-G7
./src/main.c:72: MINOR:C-L6
./src/main.c:73: MAJOR:C-F4
./src/main.c:74: INFO:C-A3
./src/parsing/memory.c:40: INFO:C-A3
./src/parsing/memory.c:40: MINOR:C-G7
./src/parsing/parsing.c:11: MAJOR:C-F3
./src/parsing/parsing.c:16: MINOR:C-L3
./src/parsing/parsing.c:20: MINOR:C-L6
./src/parsing/parsing.c:23: MINOR:C-F8
./src/parsing/parsing.c:27: MAJOR:C-F3
./src/parsing/parsing.c:27: MINOR:C-F8
./src/parsing/parsing.c:28: MINOR:C-L6
./src/parsing/parsing.c:33: MAJOR:C-F4
./src/parsing/parsing.c:34: MAJOR:C-F4
./src/parsing/parsing.c:35: MAJOR:C-F4
./src/parsing/parsing.c:36: MAJOR:C-C1
./src/parsing/parsing.c:36: MAJOR:C-F4
./src/parsing/parsing.c:37: MAJOR:C-F4
./src/parsing/parsing.c:38: MAJOR:C-F4
./src/parsing/parsing.c:39: MAJOR:C-F4
./src/parsing/parsing.c:40: MAJOR:C-F4
./src/parsing/parsing.c:41: MAJOR:C-F4
./src/parsing/parsing.c:42: MAJOR:C-F4
./src/parsing/parsing.c:43: MAJOR:C-F4
./src/parsing/parsing.c:44: MAJOR:C-F4
./src/parsing/parsing.c:45: MAJOR:C-F4
./src/parsing/parsing.c:46: MAJOR:C-F4
./src/parsing/parsing.c:46: MINOR:C-G7
./src/parsing/parsing.c:46: MINOR:C-L6
./src/parsing/parsing.c:47: MAJOR:C-F4
./src/parsing/parsing.c:50: MAJOR:C-F3
./src/parsing/parsing.c:52: MAJOR:C-F3
./src/parsing/parsing.c:52: MINOR:C-F8
./src/parsing/parsing.c:53: MAJOR:C-L1
./src/parsing/parsing.c:53: MAJOR:C-L5
./src/parsing/parsing.c:57: MINOR:C-L3
./src/parsing/parsing.c:58: MAJOR:C-F3
./src/parsing/parsing.c:58: MINOR:C-F8
./src/parsing/parsing.c:66: MINOR:C-G7
./src/parsing/parsing.c:66: MINOR:C-L6
./src/parsing/parsing.c:69: MINOR:C-L4
./src/parsing/parsing.c:70: MINOR:C-L3
./src/parsing/parsing.c:71: MINOR:C-L3
./src/parsing/parsing.c:72: MAJOR:C-F3
./src/parsing/parsing.c:72: MAJOR:C-F4
./src/parsing/parsing.c:72: MINOR:C-F8
./src/parsing/parsing.c:73: MAJOR:C-F4
./src/parsing/parsing.c:74: MAJOR:C-F4
./src/parsing/parsing.c:75: MAJOR:C-F4
./src/parsing/parsing.c:76: MAJOR:C-F4
./src/parsing/parsing.c:77: MAJOR:C-F4
./src/parsing/parsing.c:78: MAJOR:C-F4
./src/parsing/parsing.c:78: MINOR:C-G7
./src/parsing/parsing.c:78: MINOR:C-L6
./src/parsing/parsing.c:79: MAJOR:C-F4
./src/parsing/parsing.c:80: MAJOR:C-F4
./src/parsing/parsing.c:81: MAJOR:C-F4
./src/parsing/parsing.c:82: MAJOR:C-F4
./src/parsing/parsing.c:83: MAJOR:C-F4
./src/parsing/parsing.c:84: MAJOR:C-F4
./src/parsing/parsing.c:84: MINOR:C-G7
./src/parsing/parsing.c:84: MINOR:C-L6
./src/parsing/parsing.c:85: MAJOR:C-F4
./src/parsing/parsing.c:86: MAJOR:C-F4
./src/parsing/parsing.c:87: MAJOR:C-F4
./src/parsing/parsing.c:88: MAJOR:C-F4
./src/parsing/parsing.c:89: MAJOR:C-F4
./src/parsing/parsing.c:90: MAJOR:C-F4
./src/parsing/parsing.c:91: MAJOR:C-F4
./src/parsing/parsing.c:91: MINOR:C-G7
./src/parsing/parsing.c:91: MINOR:C-L6
./src/parsing/parsing.c:92: MAJOR:C-F4
./src/parsing/parsing.c:93: MAJOR:C-F4
./src/parsing/parsing.c:94: MAJOR:C-F4
./src/parsing/parsing.c:95: MAJOR:C-F4
./src/parsing/parsing.c:96: MAJOR:C-F4
./src/parsing/parsing.c:97: MAJOR:C-F4
./src/parsing/parsing.c:98: MAJOR:C-F4
./src/parsing/parsing.c:98: MINOR:C-G7
./src/parsing/parsing.c:98: MINOR:C-L6
./src/parsing/parsing.c:99: MAJOR:C-F4
./src/parsing/parsing.c:100: MAJOR:C-F4
./src/parsing/parsing.c:101: MAJOR:C-F4
./src/parsing/parsing.c:102: MAJOR:C-F4
./src/parsing/parsing.c:103: MAJOR:C-F4
./src/parsing/parsing.c:104: MAJOR:C-F4
./src/parsing/parsing.c:104: MINOR:C-G7
./src/parsing/parsing.c:104: MINOR:C-L6
./src/parsing/parsing.c:105: MAJOR:C-F4
./src/parsing/parsing.c:106: MAJOR:C-F4
./src/parsing/parsing.c:107: MAJOR:C-F4
./src/parsing/parsing.c:108: MAJOR:C-C1
./src/parsing/parsing.c:108: MAJOR:C-F4
./src/parsing/parsing.c:109: MAJOR:C-F4
./src/parsing/parsing.c:110: MAJOR:C-F4
./src/parsing/parsing.c:111: MAJOR:C-F4
./src/parsing/parsing.c:112: MAJOR:C-F4
./src/parsing/parsing.c:113: MAJOR:C-F4
./src/parsing/parsing.c:115: MINOR:C-G2
./src/parsing/parsing.c:130: MINOR:C-L6
./src/parsing/parsing.c:136: MINOR:C-L6
./src/parsing/parsing.c:137: MAJOR:C-F4
./src/parsing/parsing.c:138: MAJOR:C-F4
./src/parsing/parsing.c:139: MAJOR:C-F4
./src/parsing/parsing.c:139: MINOR:C-L6
./src/parsing/parsing.c:140: MAJOR:C-F4
./src/parsing/parsing.c:141: MAJOR:C-F4
./src/parsing/parsing.c:141: MINOR:C-L6
./src/parsing/parsing.c:142: MAJOR:C-F4
./src/parsing/parsing.c:142: MAJOR:C-L1
./src/parsing/parsing.c:143: MAJOR:C-F4
./src/parsing/parsing.c:143: MINOR:C-F8
./src/parsing/parsing.c:144: MAJOR:C-F4
./src/parsing/parsing.c:144: MINOR:C-F8
./src/parsing/parsing.c:145: MAJOR:C-F4
./src/parsing/parsing.c:146: MAJOR:C-F4
./src/parsing/parsing.c:147: MAJOR:C-F4
./src/parsing/parsing.c:147: MINOR:C-L6
./src/parsing/parsing.c:148: MAJOR:C-F4
./src/parsing/parsing.c:148: MINOR:C-F8
./src/parsing/parsing.c:149: MAJOR:C-F4
./src/parsing/parsing.c:150: MAJOR:C-F4
./src/parsing/parsing.c:151: MAJOR:C-F4
./src/parsing/parsing.c:152: MAJOR:C-F4
./src/parsing/parsing.c:152: MINOR:C-F8
./src/parsing/parsing.c:153: MAJOR:C-F4
./src/parsing/parsing.c:154: MAJOR:C-F4
./src/parsing/parsing.c:155: MAJOR:C-F4
./src/parsing/parsing.c:155: MINOR:C-L6
./src/parsing/parsing.c:156: MAJOR:C-F4
./src/parsing/parsing.c:157: MAJOR:C-F4
./src/parsing/parsing.c:158: MAJOR:C-F4
./src/parsing/parsing.c:159: MAJOR:C-F4
./src/parsing/parsing.c:160: MAJOR:C-F4
./src/parsing/parsing.c:161: MAJOR:C-F4
./src/parsing/parsing.c:162: MAJOR:C-F4
./src/parsing/parsing.c:163: MAJOR:C-F4
./src/parsing/parsing.c:163: MINOR:C-L6
./src/parsing/parsing.c:164: MAJOR:C-F4
./src/parsing/parsing.c:165: MAJOR:C-F4
./src/parsing/parsing.c:166: MAJOR:C-F4
./src/parsing/parsing.c:167: MAJOR:C-F4
./src/parsing/parsing.c:168: MAJOR:C-F4
./src/parsing/parsing.c:168: MINOR:C-L6
./src/parsing/parsing.c:169: MAJOR:C-F4
./src/parsing/print.c:44: MINOR:C-L6
./src/parsing/print.c:52: MAJOR:C-C1
./src/parsing/print.c:54: MAJOR:C-C1
./src/parsing/print.c:55: MAJOR:C-C1
./src/parsing/print.c:58: MAJOR:C-F4
./src/parsing/print.c:59: MAJOR:C-F4
./src/parsing/print.c:60: MAJOR:C-F4
./src/parsing/print.c:61: MAJOR:C-F4
./src/parsing/print.c:62: MAJOR:C-F4
./src/parsing/print.c:63: MAJOR:C-F4
./src/parsing/print.c:64: MAJOR:C-F4
./src/parsing/print.c:65: INFO:C-A3
./src/parsing/print.c:65: MINOR:C-G7
./src/parsing/room_operations.c:42: MAJOR:C-L1
./src/parsing/room_operations.c:42: MAJOR:C-L5
./src/parsing/room_operations.c:43: MAJOR:C-L1
./src/parsing/room_operations.c:43: MAJOR:C-L5
./src/parsing/room_operations.c:60: MAJOR:C-F4
./src/parsing/room_operations.c:61: MAJOR:C-F4
./src/parsing/room_operations.c:62: MAJOR:C-F4
./src/parsing/room_operations.c:63: MAJOR:C-F4
./src/parsing/room_operations.c:69: MINOR:C-G7
./src/parsing/room_operations.c:88: INFO:C-A3
./src/parsing/room_operations.c:88: MINOR:C-G7
./src/parsing/utils.c:39: INFO:C-A3
./src/parsing/utils.c:39: MINOR:C-G7
